# JRE version: Java(TM) SE Runtime Environment (18.0.1.1+2) (build 18.0.1.1+2-6)
# Java VM: Java HotSpot(TM) 64-Bit Server VM (18.0.1.1+2-6, mixed mode, sharing, tiered, compressed oops, compressed class ptrs, g1 gc, windows-amd64)
GC Precious Log:
 CardTable entry size: 512
 Card Set container configuration: InlinePtr #cards 5 size 8 Array Of Cards #cards 12 size 40 Howl #buckets 4 coarsen threshold 1843 Howl Bitmap #cards 512 size 80 coarsen threshold 460 Card regions per heap region 1 cards per card region 2048
 CPUs: 4 total, 4 available
 Memory: 12173M
 Large Page Support: Disabled
 NUMA Support: Disabled
 Compressed Oops: Enabled (32-bit)
 Heap Region Size: 1M
 Heap Min Capacity: 8M
 Heap Initial Capacity: 192M
 Heap Max Capacity: 2G
 Pre-touch: Disabled
 Parallel Workers: 4
 Concurrent Workers: 1
 Concurrent Refinement Workers: 4
 Periodic GC: Disabled
Heap:
 garbage-first heap   total 282624K, used 210305K [0x0000000080000000, 0x0000000100000000)
  region size 1024K, 13 young (13312K), 6 survivors (6144K)
 Metaspace       used 98935K, committed 101568K, reserved 552960K
  class space    used 13618K, committed 14912K, reserved 421888K
GC Heap History (20 events):
Event: 204.002 GC heap before
{Heap before GC invocations=49 (full 0):
 garbage-first heap   total 145408K, used 88681K [0x0000000080000000, 0x0000000100000000)
  region size 1024K, 7 young (7168K), 4 survivors (4096K)
 Metaspace       used 82557K, committed 84736K, reserved 552960K
  class space    used 11477K, committed 12608K, reserved 421888K
}
Event: 204.008 GC heap after
{Heap after GC invocations=50 (full 0):
 garbage-first heap   total 145408K, used 86172K [0x0000000080000000, 0x0000000100000000)
  region size 1024K, 1 young (1024K), 1 survivors (1024K)
 Metaspace       used 82557K, committed 84736K, reserved 552960K
  class space    used 11477K, committed 12608K, reserved 421888K
}
Event: 215.500 GC heap before
{Heap before GC invocations=50 (full 0):
 garbage-first heap   total 145408K, used 124060K [0x0000000080000000, 0x0000000100000000)
  region size 1024K, 33 young (33792K), 1 survivors (1024K)
 Metaspace       used 83914K, committed 86016K, reserved 552960K
  class space    used 11632K, committed 12736K, reserved 421888K
}
Event: 215.537 GC heap after
{Heap after GC invocations=51 (full 0):
 garbage-first heap   total 282624K, used 95735K [0x0000000080000000, 0x0000000100000000)
  region size 1024K, 5 young (5120K), 5 survivors (5120K)
 Metaspace       used 83914K, committed 86016K, reserved 552960K
  class space    used 11632K, committed 12736K, reserved 421888K
}
Event: 285.385 GC heap before
{Heap before GC invocations=51 (full 0):
 garbage-first heap   total 282624K, used 211447K [0x0000000080000000, 0x0000000100000000)
  region size 1024K, 119 young (121856K), 5 survivors (5120K)
 Metaspace       used 86755K, committed 89152K, reserved 552960K
  class space    used 12027K, committed 13248K, reserved 421888K
}
Event: 285.407 GC heap after
{Heap after GC invocations=52 (full 0):
 garbage-first heap   total 282624K, used 115265K [0x0000000080000000, 0x0000000100000000)
  region size 1024K, 15 young (15360K), 15 survivors (15360K)
 Metaspace       used 86755K, committed 89152K, reserved 552960K
  class space    used 12027K, committed 13248K, reserved 421888K
}
Event: 328.455 GC heap before
{Heap before GC invocations=52 (full 0):
 garbage-first heap   total 282624K, used 220737K [0x0000000080000000, 0x0000000100000000)
  region size 1024K, 111 young (113664K), 15 survivors (15360K)
 Metaspace       used 89717K, committed 92224K, reserved 552960K
  class space    used 12412K, committed 13696K, reserved 421888K
}
Event: 328.486 GC heap after
{Heap after GC invocations=53 (full 0):
 garbage-first heap   total 282624K, used 142281K [0x0000000080000000, 0x0000000100000000)
  region size 1024K, 14 young (14336K), 14 survivors (14336K)
 Metaspace       used 89717K, committed 92224K, reserved 552960K
  class space    used 12412K, committed 13696K, reserved 421888K
}
Event: 371.594 GC heap before
{Heap before GC invocations=53 (full 0):
 garbage-first heap   total 282624K, used 228297K [0x0000000080000000, 0x0000000100000000)
  region size 1024K, 90 young (92160K), 14 survivors (14336K)
 Metaspace       used 90272K, committed 92800K, reserved 552960K
  class space    used 12482K, committed 13760K, reserved 421888K
}
Event: 371.614 GC heap after
{Heap after GC invocations=54 (full 0):
 garbage-first heap   total 282624K, used 164864K [0x0000000080000000, 0x0000000100000000)
  region size 1024K, 12 young (12288K), 12 survivors (12288K)
 Metaspace       used 90272K, committed 92800K, reserved 552960K
  class space    used 12482K, committed 13760K, reserved 421888K
}
Event: 373.017 GC heap before
{Heap before GC invocations=54 (full 0):
 garbage-first heap   total 282624K, used 225280K [0x0000000080000000, 0x0000000100000000)
  region size 1024K, 71 young (72704K), 12 survivors (12288K)
 Metaspace       used 94241K, committed 96896K, reserved 552960K
  class space    used 13008K, committed 14336K, reserved 421888K
}
Event: 373.027 GC heap after
{Heap after GC invocations=55 (full 0):
 garbage-first heap   total 282624K, used 172544K [0x0000000080000000, 0x0000000100000000)
  region size 1024K, 7 young (7168K), 7 survivors (7168K)
 Metaspace       used 94241K, committed 96896K, reserved 552960K
  class space    used 13008K, committed 14336K, reserved 421888K
}
Event: 374.181 GC heap before
{Heap before GC invocations=55 (full 0):
 garbage-first heap   total 282624K, used 229888K [0x0000000080000000, 0x0000000100000000)
  region size 1024K, 63 young (64512K), 7 survivors (7168K)
 Metaspace       used 96510K, committed 99072K, reserved 552960K
  class space    used 13322K, committed 14592K, reserved 421888K
}
Event: 374.190 GC heap after
{Heap after GC invocations=56 (full 0):
 garbage-first heap   total 282624K, used 178652K [0x0000000080000000, 0x0000000100000000)
  region size 1024K, 6 young (6144K), 6 survivors (6144K)
 Metaspace       used 96510K, committed 99072K, reserved 552960K
  class space    used 13322K, committed 14592K, reserved 421888K
}
Event: 374.724 GC heap before
{Heap before GC invocations=56 (full 0):
 garbage-first heap   total 282624K, used 232924K [0x0000000080000000, 0x0000000100000000)
  region size 1024K, 59 young (60416K), 6 survivors (6144K)
 Metaspace       used 96712K, committed 99392K, reserved 552960K
  class space    used 13340K, committed 14656K, reserved 421888K
}
Event: 374.736 GC heap after
{Heap after GC invocations=57 (full 0):
 garbage-first heap   total 282624K, used 187741K [0x0000000080000000, 0x0000000100000000)
  region size 1024K, 8 young (8192K), 8 survivors (8192K)
 Metaspace       used 96712K, committed 99392K, reserved 552960K
  class space    used 13340K, committed 14656K, reserved 421888K
}
Event: 409.884 GC heap before
{Heap before GC invocations=57 (full 0):
 garbage-first heap   total 282624K, used 233821K [0x0000000080000000, 0x0000000100000000)
  region size 1024K, 53 young (54272K), 8 survivors (8192K)
 Metaspace       used 96897K, committed 99520K, reserved 552960K
  class space    used 13363K, committed 14656K, reserved 421888K
}
Event: 409.900 GC heap after
{Heap after GC invocations=58 (full 0):
 garbage-first heap   total 282624K, used 195224K [0x0000000080000000, 0x0000000100000000)
  region size 1024K, 7 young (7168K), 7 survivors (7168K)
 Metaspace       used 96897K, committed 99520K, reserved 552960K
  class space    used 13363K, committed 14656K, reserved 421888K
}
Event: 423.654 GC heap before
{Heap before GC invocations=58 (full 0):
 garbage-first heap   total 282624K, used 240280K [0x0000000080000000, 0x0000000100000000)
  region size 1024K, 47 young (48128K), 7 survivors (7168K)
 Metaspace       used 98929K, committed 101568K, reserved 552960K
  class space    used 13618K, committed 14912K, reserved 421888K
}
Event: 424.924 GC heap after
{Heap after GC invocations=59 (full 0):
 garbage-first heap   total 282624K, used 205185K [0x0000000080000000, 0x0000000100000000)
  region size 1024K, 6 young (6144K), 6 survivors (6144K)
 Metaspace       used 98929K, committed 101568K, reserved 552960K
  class space    used 13618K, committed 14912K, reserved 421888K
}

