# JRE version: Java(TM) SE Runtime Environment (18.0.1.1+2) (build 18.0.1.1+2-6)
# Java VM: Java HotSpot(TM) 64-Bit Server VM (18.0.1.1+2-6, mixed mode, sharing, tiered, compressed oops, compressed class ptrs, g1 gc, windows-amd64)
GC Precious Log:
 CardTable entry size: 512
 Card Set container configuration: InlinePtr #cards 5 size 8 Array Of Cards #cards 12 size 40 Howl #buckets 4 coarsen threshold 1843 Howl Bitmap #cards 512 size 80 coarsen threshold 460 Card regions per heap region 1 cards per card region 2048
 CPUs: 4 total, 4 available
 Memory: 12173M
 Large Page Support: Disabled
 NUMA Support: Disabled
 Compressed Oops: Enabled (32-bit)
 Heap Region Size: 1M
 Heap Min Capacity: 8M
 Heap Initial Capacity: 192M
 Heap Max Capacity: 2G
 Pre-touch: Disabled
 Parallel Workers: 4
 Concurrent Workers: 1
 Concurrent Refinement Workers: 4
 Periodic GC: Disabled
Heap:
 garbage-first heap   total 196608K, used 81286K [0x0000000080000000, 0x0000000100000000)
  region size 1024K, 4 young (4096K), 4 survivors (4096K)
 Metaspace       used 77803K, committed 79872K, reserved 552960K
  class space    used 10649K, committed 11712K, reserved 421888K
GC Heap History (20 events):
Event: 120.145 GC heap after
{Heap after GC invocations=30 (full 0):
 garbage-first heap   total 102400K, used 61836K [0x0000000080000000, 0x0000000100000000)
  region size 1024K, 3 young (3072K), 3 survivors (3072K)
 Metaspace       used 64812K, committed 66688K, reserved 487424K
  class space    used 9046K, committed 9984K, reserved 421888K
}
Event: 136.008 GC heap before
{Heap before GC invocations=31 (full 0):
 garbage-first heap   total 109568K, used 81292K [0x0000000080000000, 0x0000000100000000)
  region size 1024K, 23 young (23552K), 3 survivors (3072K)
 Metaspace       used 64967K, committed 66944K, reserved 487424K
  class space    used 9056K, committed 10048K, reserved 421888K
}
Event: 136.014 GC heap after
{Heap after GC invocations=32 (full 0):
 garbage-first heap   total 109568K, used 62879K [0x0000000080000000, 0x0000000100000000)
  region size 1024K, 2 young (2048K), 2 survivors (2048K)
 Metaspace       used 64967K, committed 66944K, reserved 487424K
  class space    used 9056K, committed 10048K, reserved 421888K
}
Event: 136.833 GC heap before
{Heap before GC invocations=33 (full 0):
 garbage-first heap   total 116736K, used 88479K [0x0000000080000000, 0x0000000100000000)
  region size 1024K, 26 young (26624K), 2 survivors (2048K)
 Metaspace       used 68208K, committed 70080K, reserved 487424K
  class space    used 9409K, committed 10368K, reserved 421888K
}
Event: 136.836 GC heap after
{Heap after GC invocations=34 (full 0):
 garbage-first heap   total 116736K, used 67583K [0x0000000080000000, 0x0000000100000000)
  region size 1024K, 4 young (4096K), 4 survivors (4096K)
 Metaspace       used 68208K, committed 70080K, reserved 487424K
  class space    used 9409K, committed 10368K, reserved 421888K
}
Event: 136.860 GC heap before
{Heap before GC invocations=34 (full 0):
 garbage-first heap   total 116736K, used 68607K [0x0000000080000000, 0x0000000100000000)
  region size 1024K, 5 young (5120K), 4 survivors (4096K)
 Metaspace       used 68349K, committed 70208K, reserved 487424K
  class space    used 9432K, committed 10368K, reserved 421888K
}
Event: 136.862 GC heap after
{Heap after GC invocations=35 (full 0):
 garbage-first heap   total 116736K, used 67851K [0x0000000080000000, 0x0000000100000000)
  region size 1024K, 1 young (1024K), 1 survivors (1024K)
 Metaspace       used 68349K, committed 70208K, reserved 487424K
  class space    used 9432K, committed 10368K, reserved 421888K
}
Event: 137.457 GC heap before
{Heap before GC invocations=35 (full 0):
 garbage-first heap   total 116736K, used 82187K [0x0000000080000000, 0x0000000100000000)
  region size 1024K, 17 young (17408K), 1 survivors (1024K)
 Metaspace       used 70807K, committed 72768K, reserved 487424K
  class space    used 9707K, committed 10752K, reserved 421888K
}
Event: 137.460 GC heap after
{Heap after GC invocations=36 (full 0):
 garbage-first heap   total 116736K, used 70768K [0x0000000080000000, 0x0000000100000000)
  region size 1024K, 4 young (4096K), 4 survivors (4096K)
 Metaspace       used 70807K, committed 72768K, reserved 487424K
  class space    used 9707K, committed 10752K, reserved 421888K
}
Event: 137.835 GC heap before
{Heap before GC invocations=37 (full 0):
 garbage-first heap   total 145408K, used 101488K [0x0000000080000000, 0x0000000100000000)
  region size 1024K, 27 young (27648K), 4 survivors (4096K)
 Metaspace       used 71914K, committed 73856K, reserved 487424K
  class space    used 9860K, committed 10880K, reserved 421888K
}
Event: 137.840 GC heap after
{Heap after GC invocations=38 (full 0):
 garbage-first heap   total 145408K, used 74358K [0x0000000080000000, 0x0000000100000000)
  region size 1024K, 4 young (4096K), 4 survivors (4096K)
 Metaspace       used 71914K, committed 73856K, reserved 487424K
  class space    used 9860K, committed 10880K, reserved 421888K
}
Event: 137.893 GC heap before
{Heap before GC invocations=38 (full 0):
 garbage-first heap   total 145408K, used 77430K [0x0000000080000000, 0x0000000100000000)
  region size 1024K, 7 young (7168K), 4 survivors (4096K)
 Metaspace       used 72228K, committed 74176K, reserved 487424K
  class space    used 9896K, committed 10944K, reserved 421888K
}
Event: 137.897 GC heap after
{Heap after GC invocations=39 (full 0):
 garbage-first heap   total 145408K, used 73866K [0x0000000080000000, 0x0000000100000000)
  region size 1024K, 1 young (1024K), 1 survivors (1024K)
 Metaspace       used 72228K, committed 74176K, reserved 487424K
  class space    used 9896K, committed 10944K, reserved 421888K
}
Event: 138.697 GC heap before
{Heap before GC invocations=39 (full 0):
 garbage-first heap   total 145408K, used 98442K [0x0000000080000000, 0x0000000100000000)
  region size 1024K, 27 young (27648K), 1 survivors (1024K)
 Metaspace       used 74614K, committed 76544K, reserved 552960K
  class space    used 10175K, committed 11200K, reserved 421888K
}
Event: 138.700 GC heap after
{Heap after GC invocations=40 (full 0):
 garbage-first heap   total 145408K, used 75613K [0x0000000080000000, 0x0000000100000000)
  region size 1024K, 3 young (3072K), 3 survivors (3072K)
 Metaspace       used 74614K, committed 76544K, reserved 552960K
  class space    used 10175K, committed 11200K, reserved 421888K
}
Event: 139.524 GC heap before
{Heap before GC invocations=41 (full 0):
 garbage-first heap   total 145408K, used 114525K [0x0000000080000000, 0x0000000100000000)
  region size 1024K, 40 young (40960K), 3 survivors (3072K)
 Metaspace       used 75910K, committed 77952K, reserved 552960K
  class space    used 10384K, committed 11456K, reserved 421888K
}
Event: 139.530 GC heap after
{Heap after GC invocations=42 (full 0):
 garbage-first heap   total 145408K, used 78357K [0x0000000080000000, 0x0000000100000000)
  region size 1024K, 5 young (5120K), 5 survivors (5120K)
 Metaspace       used 75910K, committed 77952K, reserved 552960K
  class space    used 10384K, committed 11456K, reserved 421888K
}
Event: 139.532 GC heap before
{Heap before GC invocations=42 (full 0):
 garbage-first heap   total 145408K, used 80405K [0x0000000080000000, 0x0000000100000000)
  region size 1024K, 7 young (7168K), 5 survivors (5120K)
 Metaspace       used 75910K, committed 77952K, reserved 552960K
  class space    used 10384K, committed 11456K, reserved 421888K
}
Event: 139.536 GC heap after
{Heap after GC invocations=43 (full 0):
 garbage-first heap   total 145408K, used 78293K [0x0000000080000000, 0x0000000100000000)
  region size 1024K, 1 young (1024K), 1 survivors (1024K)
 Metaspace       used 75910K, committed 77952K, reserved 552960K
  class space    used 10384K, committed 11456K, reserved 421888K
}
Event: 168.649 GC heap before
{Heap before GC invocations=43 (full 0):
 garbage-first heap   total 145408K, used 116181K [0x0000000080000000, 0x0000000100000000)
  region size 1024K, 38 young (38912K), 1 survivors (1024K)
 Metaspace       used 77803K, committed 79872K, reserved 552960K
  class space    used 10649K, committed 11712K, reserved 421888K
}

