# JRE version: Java(TM) SE Runtime Environment (18.0.1.1+2) (build 18.0.1.1+2-6)
# Java VM: Java HotSpot(TM) 64-Bit Server VM (18.0.1.1+2-6, mixed mode, sharing, tiered, compressed oops, compressed class ptrs, g1 gc, windows-amd64)
GC Precious Log:
 CardTable entry size: 512
 Card Set container configuration: InlinePtr #cards 5 size 8 Array Of Cards #cards 12 size 40 Howl #buckets 4 coarsen threshold 1843 Howl Bitmap #cards 512 size 80 coarsen threshold 460 Card regions per heap region 1 cards per card region 2048
 CPUs: 4 total, 4 available
 Memory: 12173M
 Large Page Support: Disabled
 NUMA Support: Disabled
 Compressed Oops: Enabled (32-bit)
 Heap Region Size: 1M
 Heap Min Capacity: 8M
 Heap Initial Capacity: 192M
 Heap Max Capacity: 2G
 Pre-touch: Disabled
 Parallel Workers: 4
 Concurrent Workers: 1
 Concurrent Refinement Workers: 4
 Periodic GC: Disabled
Heap:
 garbage-first heap   total 459776K, used 297379K [0x0000000080000000, 0x0000000100000000)
  region size 1024K, 27 young (27648K), 3 survivors (3072K)
 Metaspace       used 108152K, committed 110976K, reserved 552960K
  class space    used 14814K, committed 16192K, reserved 421888K
GC Heap History (20 events):
Event: 496.832 GC heap before
{Heap before GC invocations=61 (full 0):
 garbage-first heap   total 294912K, used 253092K [0x0000000080000000, 0x0000000100000000)
  region size 1024K, 20 young (20480K), 4 survivors (4096K)
 Metaspace       used 104419K, committed 107136K, reserved 552960K
  class space    used 14382K, committed 15680K, reserved 421888K
}
Event: 496.840 GC heap after
{Heap after GC invocations=62 (full 0):
 garbage-first heap   total 294912K, used 239945K [0x0000000080000000, 0x0000000100000000)
  region size 1024K, 2 young (2048K), 2 survivors (2048K)
 Metaspace       used 104419K, committed 107136K, reserved 552960K
  class space    used 14382K, committed 15680K, reserved 421888K
}
Event: 498.599 GC heap before
{Heap before GC invocations=62 (full 0):
 garbage-first heap   total 294912K, used 255305K [0x0000000080000000, 0x0000000100000000)
  region size 1024K, 17 young (17408K), 2 survivors (2048K)
 Metaspace       used 105344K, committed 108032K, reserved 552960K
  class space    used 14510K, committed 15808K, reserved 421888K
}
Event: 498.603 GC heap after
{Heap after GC invocations=63 (full 0):
 garbage-first heap   total 294912K, used 241159K [0x0000000080000000, 0x0000000100000000)
  region size 1024K, 2 young (2048K), 2 survivors (2048K)
 Metaspace       used 105344K, committed 108032K, reserved 552960K
  class space    used 14510K, committed 15808K, reserved 421888K
}
Event: 500.677 GC heap before
{Heap before GC invocations=63 (full 0):
 garbage-first heap   total 294912K, used 256519K [0x0000000080000000, 0x0000000100000000)
  region size 1024K, 17 young (17408K), 2 survivors (2048K)
 Metaspace       used 105536K, committed 108288K, reserved 552960K
  class space    used 14530K, committed 15872K, reserved 421888K
}
Event: 500.691 GC heap after
{Heap after GC invocations=64 (full 0):
 garbage-first heap   total 294912K, used 245759K [0x0000000080000000, 0x0000000100000000)
  region size 1024K, 3 young (3072K), 3 survivors (3072K)
 Metaspace       used 105536K, committed 108288K, reserved 552960K
  class space    used 14530K, committed 15872K, reserved 421888K
}
Event: 501.627 GC heap before
{Heap before GC invocations=64 (full 0):
 garbage-first heap   total 294912K, used 257023K [0x0000000080000000, 0x0000000100000000)
  region size 1024K, 14 young (14336K), 3 survivors (3072K)
 Metaspace       used 105593K, committed 108352K, reserved 552960K
  class space    used 14531K, committed 15872K, reserved 421888K
}
Event: 501.633 GC heap after
{Heap after GC invocations=65 (full 0):
 garbage-first heap   total 294912K, used 249727K [0x0000000080000000, 0x0000000100000000)
  region size 1024K, 2 young (2048K), 2 survivors (2048K)
 Metaspace       used 105593K, committed 108352K, reserved 552960K
  class space    used 14531K, committed 15872K, reserved 421888K
}
Event: 502.831 GC heap before
{Heap before GC invocations=65 (full 0):
 garbage-first heap   total 294912K, used 262015K [0x0000000080000000, 0x0000000100000000)
  region size 1024K, 14 young (14336K), 2 survivors (2048K)
 Metaspace       used 105648K, committed 108416K, reserved 552960K
  class space    used 14532K, committed 15872K, reserved 421888K
}
Event: 502.838 GC heap after
{Heap after GC invocations=66 (full 0):
 garbage-first heap   total 294912K, used 254157K [0x0000000080000000, 0x0000000100000000)
  region size 1024K, 2 young (2048K), 2 survivors (2048K)
 Metaspace       used 105648K, committed 108416K, reserved 552960K
  class space    used 14532K, committed 15872K, reserved 421888K
}
Event: 503.428 GC heap before
{Heap before GC invocations=66 (full 0):
 garbage-first heap   total 294912K, used 266445K [0x0000000080000000, 0x0000000100000000)
  region size 1024K, 14 young (14336K), 2 survivors (2048K)
 Metaspace       used 105727K, committed 108480K, reserved 552960K
  class space    used 14538K, committed 15872K, reserved 421888K
}
Event: 503.434 GC heap after
{Heap after GC invocations=67 (full 0):
 garbage-first heap   total 294912K, used 258651K [0x0000000080000000, 0x0000000100000000)
  region size 1024K, 2 young (2048K), 2 survivors (2048K)
 Metaspace       used 105727K, committed 108480K, reserved 552960K
  class space    used 14538K, committed 15872K, reserved 421888K
}
Event: 504.136 GC heap before
{Heap before GC invocations=67 (full 0):
 garbage-first heap   total 294912K, used 270939K [0x0000000080000000, 0x0000000100000000)
  region size 1024K, 14 young (14336K), 2 survivors (2048K)
 Metaspace       used 106458K, committed 109184K, reserved 552960K
  class space    used 14621K, committed 15936K, reserved 421888K
}
Event: 504.142 GC heap after
{Heap after GC invocations=68 (full 0):
 garbage-first heap   total 294912K, used 261073K [0x0000000080000000, 0x0000000100000000)
  region size 1024K, 2 young (2048K), 2 survivors (2048K)
 Metaspace       used 106458K, committed 109184K, reserved 552960K
  class space    used 14621K, committed 15936K, reserved 421888K
}
Event: 504.584 GC heap before
{Heap before GC invocations=68 (full 0):
 garbage-first heap   total 294912K, used 273361K [0x0000000080000000, 0x0000000100000000)
  region size 1024K, 14 young (14336K), 2 survivors (2048K)
 Metaspace       used 106595K, committed 109312K, reserved 552960K
  class space    used 14636K, committed 15936K, reserved 421888K
}
Event: 504.594 GC heap after
{Heap after GC invocations=69 (full 0):
 garbage-first heap   total 294912K, used 264727K [0x0000000080000000, 0x0000000100000000)
  region size 1024K, 2 young (2048K), 2 survivors (2048K)
 Metaspace       used 106595K, committed 109312K, reserved 552960K
  class space    used 14636K, committed 15936K, reserved 421888K
}
Event: 506.249 GC heap before
{Heap before GC invocations=70 (full 0):
 garbage-first heap   total 459776K, used 285207K [0x0000000080000000, 0x0000000100000000)
  region size 1024K, 22 young (22528K), 2 survivors (2048K)
 Metaspace       used 106673K, committed 109440K, reserved 552960K
  class space    used 14644K, committed 16000K, reserved 421888K
}
Event: 506.257 GC heap after
{Heap after GC invocations=71 (full 0):
 garbage-first heap   total 459776K, used 270497K [0x0000000080000000, 0x0000000100000000)
  region size 1024K, 3 young (3072K), 3 survivors (3072K)
 Metaspace       used 106673K, committed 109440K, reserved 552960K
  class space    used 14644K, committed 16000K, reserved 421888K
}
Event: 507.515 GC heap before
{Heap before GC invocations=71 (full 0):
 garbage-first heap   total 459776K, used 288929K [0x0000000080000000, 0x0000000100000000)
  region size 1024K, 22 young (22528K), 3 survivors (3072K)
 Metaspace       used 106993K, committed 109760K, reserved 552960K
  class space    used 14666K, committed 16000K, reserved 421888K
}
Event: 507.526 GC heap after
{Heap after GC invocations=72 (full 0):
 garbage-first heap   total 459776K, used 273827K [0x0000000080000000, 0x0000000100000000)
  region size 1024K, 3 young (3072K), 3 survivors (3072K)
 Metaspace       used 106993K, committed 109760K, reserved 552960K
  class space    used 14666K, committed 16000K, reserved 421888K
}

