# JRE version: Java(TM) SE Runtime Environment (18.0.1.1+2) (build 18.0.1.1+2-6)
# Java VM: Java HotSpot(TM) 64-Bit Server VM (18.0.1.1+2-6, mixed mode, sharing, tiered, compressed oops, compressed class ptrs, g1 gc, windows-amd64)
GC Precious Log:
 CardTable entry size: 512
 Card Set container configuration: InlinePtr #cards 5 size 8 Array Of Cards #cards 12 size 40 Howl #buckets 4 coarsen threshold 1843 Howl Bitmap #cards 512 size 80 coarsen threshold 460 Card regions per heap region 1 cards per card region 2048
 CPUs: 4 total, 4 available
 Memory: 12173M
 Large Page Support: Disabled
 NUMA Support: Disabled
 Compressed Oops: Enabled (32-bit)
 Heap Region Size: 1M
 Heap Min Capacity: 8M
 Heap Initial Capacity: 192M
 Heap Max Capacity: 2G
 Pre-touch: Disabled
 Parallel Workers: 4
 Concurrent Workers: 1
 Concurrent Refinement Workers: 4
 Periodic GC: Disabled
Heap:
 garbage-first heap   total 252928K, used 157482K [0x0000000080000000, 0x0000000100000000)
  region size 1024K, 9 young (9216K), 1 survivors (1024K)
 Metaspace       used 89845K, committed 92352K, reserved 552960K
  class space    used 12431K, committed 13696K, reserved 421888K
GC Heap History (20 events):
Event: 311.596 GC heap before
{Heap before GC invocations=52 (full 0):
 garbage-first heap   total 178176K, used 143872K [0x0000000080000000, 0x0000000100000000)
  region size 1024K, 40 young (40960K), 6 survivors (6144K)
 Metaspace       used 86670K, committed 89024K, reserved 552960K
  class space    used 12034K, committed 13248K, reserved 421888K
}
Event: 311.606 GC heap after
{Heap after GC invocations=53 (full 0):
 garbage-first heap   total 178176K, used 115712K [0x0000000080000000, 0x0000000100000000)
  region size 1024K, 5 young (5120K), 5 survivors (5120K)
 Metaspace       used 86670K, committed 89024K, reserved 552960K
  class space    used 12034K, committed 13248K, reserved 421888K
}
Event: 319.376 GC heap before
{Heap before GC invocations=53 (full 0):
 garbage-first heap   total 178176K, used 147456K [0x0000000080000000, 0x0000000100000000)
  region size 1024K, 34 young (34816K), 5 survivors (5120K)
 Metaspace       used 86881K, committed 89280K, reserved 552960K
  class space    used 12041K, committed 13248K, reserved 421888K
}
Event: 319.382 GC heap after
{Heap after GC invocations=54 (full 0):
 garbage-first heap   total 178176K, used 123144K [0x0000000080000000, 0x0000000100000000)
  region size 1024K, 4 young (4096K), 4 survivors (4096K)
 Metaspace       used 86881K, committed 89280K, reserved 552960K
  class space    used 12041K, committed 13248K, reserved 421888K
}
Event: 319.888 GC heap before
{Heap before GC invocations=54 (full 0):
 garbage-first heap   total 178176K, used 151816K [0x0000000080000000, 0x0000000100000000)
  region size 1024K, 28 young (28672K), 4 survivors (4096K)
 Metaspace       used 88465K, committed 90880K, reserved 552960K
  class space    used 12254K, committed 13440K, reserved 421888K
}
Event: 319.893 GC heap after
{Heap after GC invocations=55 (full 0):
 garbage-first heap   total 178176K, used 135153K [0x0000000080000000, 0x0000000100000000)
  region size 1024K, 4 young (4096K), 4 survivors (4096K)
 Metaspace       used 88465K, committed 90880K, reserved 552960K
  class space    used 12254K, committed 13440K, reserved 421888K
}
Event: 327.808 GC heap before
{Heap before GC invocations=55 (full 0):
 garbage-first heap   total 178176K, used 151537K [0x0000000080000000, 0x0000000100000000)
  region size 1024K, 20 young (20480K), 4 survivors (4096K)
 Metaspace       used 89143K, committed 91584K, reserved 552960K
  class space    used 12340K, committed 13568K, reserved 421888K
}
Event: 327.815 GC heap after
{Heap after GC invocations=56 (full 0):
 garbage-first heap   total 178176K, used 138476K [0x0000000080000000, 0x0000000100000000)
  region size 1024K, 3 young (3072K), 3 survivors (3072K)
 Metaspace       used 89143K, committed 91584K, reserved 552960K
  class space    used 12340K, committed 13568K, reserved 421888K
}
Event: 345.286 GC heap before
{Heap before GC invocations=56 (full 0):
 garbage-first heap   total 178176K, used 151788K [0x0000000080000000, 0x0000000100000000)
  region size 1024K, 16 young (16384K), 3 survivors (3072K)
 Metaspace       used 89292K, committed 91776K, reserved 552960K
  class space    used 12355K, committed 13632K, reserved 421888K
}
Event: 345.291 GC heap after
{Heap after GC invocations=57 (full 0):
 garbage-first heap   total 178176K, used 141235K [0x0000000080000000, 0x0000000100000000)
  region size 1024K, 2 young (2048K), 2 survivors (2048K)
 Metaspace       used 89292K, committed 91776K, reserved 552960K
  class space    used 12355K, committed 13632K, reserved 421888K
}
Event: 345.386 GC heap before
{Heap before GC invocations=57 (full 0):
 garbage-first heap   total 178176K, used 152499K [0x0000000080000000, 0x0000000100000000)
  region size 1024K, 13 young (13312K), 2 survivors (2048K)
 Metaspace       used 89533K, committed 92032K, reserved 552960K
  class space    used 12385K, committed 13632K, reserved 421888K
}
Event: 345.390 GC heap after
{Heap after GC invocations=58 (full 0):
 garbage-first heap   total 178176K, used 142843K [0x0000000080000000, 0x0000000100000000)
  region size 1024K, 2 young (2048K), 2 survivors (2048K)
 Metaspace       used 89533K, committed 92032K, reserved 552960K
  class space    used 12385K, committed 13632K, reserved 421888K
}
Event: 345.484 GC heap before
{Heap before GC invocations=58 (full 0):
 garbage-first heap   total 178176K, used 152059K [0x0000000080000000, 0x0000000100000000)
  region size 1024K, 11 young (11264K), 2 survivors (2048K)
 Metaspace       used 89685K, committed 92224K, reserved 552960K
  class space    used 12415K, committed 13696K, reserved 421888K
}
Event: 345.487 GC heap after
{Heap after GC invocations=59 (full 0):
 garbage-first heap   total 178176K, used 144863K [0x0000000080000000, 0x0000000100000000)
  region size 1024K, 2 young (2048K), 2 survivors (2048K)
 Metaspace       used 89685K, committed 92224K, reserved 552960K
  class space    used 12415K, committed 13696K, reserved 421888K
}
Event: 351.137 GC heap before
{Heap before GC invocations=59 (full 0):
 garbage-first heap   total 178176K, used 153055K [0x0000000080000000, 0x0000000100000000)
  region size 1024K, 10 young (10240K), 2 survivors (2048K)
 Metaspace       used 89785K, committed 92288K, reserved 552960K
  class space    used 12425K, committed 13696K, reserved 421888K
}
Event: 351.143 GC heap after
{Heap after GC invocations=60 (full 0):
 garbage-first heap   total 178176K, used 146626K [0x0000000080000000, 0x0000000100000000)
  region size 1024K, 2 young (2048K), 2 survivors (2048K)
 Metaspace       used 89785K, committed 92288K, reserved 552960K
  class space    used 12425K, committed 13696K, reserved 421888K
}
Event: 355.201 GC heap before
{Heap before GC invocations=60 (full 0):
 garbage-first heap   total 178176K, used 152770K [0x0000000080000000, 0x0000000100000000)
  region size 1024K, 9 young (9216K), 2 survivors (2048K)
 Metaspace       used 89793K, committed 92352K, reserved 552960K
  class space    used 12425K, committed 13696K, reserved 421888K
}
Event: 355.205 GC heap after
{Heap after GC invocations=61 (full 0):
 garbage-first heap   total 178176K, used 147203K [0x0000000080000000, 0x0000000100000000)
  region size 1024K, 2 young (2048K), 2 survivors (2048K)
 Metaspace       used 89793K, committed 92352K, reserved 552960K
  class space    used 12425K, committed 13696K, reserved 421888K
}
Event: 359.877 GC heap before
{Heap before GC invocations=62 (full 0):
 garbage-first heap   total 252928K, used 154371K [0x0000000080000000, 0x0000000100000000)
  region size 1024K, 8 young (8192K), 2 survivors (2048K)
 Metaspace       used 89814K, committed 92352K, reserved 552960K
  class space    used 12428K, committed 13696K, reserved 421888K
}
Event: 359.879 GC heap after
{Heap after GC invocations=63 (full 0):
 garbage-first heap   total 252928K, used 149290K [0x0000000080000000, 0x0000000100000000)
  region size 1024K, 1 young (1024K), 1 survivors (1024K)
 Metaspace       used 89814K, committed 92352K, reserved 552960K
  class space    used 12428K, committed 13696K, reserved 421888K
}

