# JRE version: Java(TM) SE Runtime Environment (18.0.1.1+2) (build 18.0.1.1+2-6)
# Java VM: Java HotSpot(TM) 64-Bit Server VM (18.0.1.1+2-6, mixed mode, sharing, tiered, compressed oops, compressed class ptrs, g1 gc, windows-amd64)
GC Precious Log:
 CardTable entry size: 512
 Card Set container configuration: InlinePtr #cards 5 size 8 Array Of Cards #cards 12 size 40 Howl #buckets 4 coarsen threshold 1843 Howl Bitmap #cards 512 size 80 coarsen threshold 460 Card regions per heap region 1 cards per card region 2048
 CPUs: 4 total, 4 available
 Memory: 12173M
 Large Page Support: Disabled
 NUMA Support: Disabled
 Compressed Oops: Enabled (32-bit)
 Heap Region Size: 1M
 Heap Min Capacity: 8M
 Heap Initial Capacity: 192M
 Heap Max Capacity: 2G
 Pre-touch: Disabled
 Parallel Workers: 4
 Concurrent Workers: 1
 Concurrent Refinement Workers: 4
 Periodic GC: Disabled
Heap:
 garbage-first heap   total 501760K, used 400214K [0x0000000080000000, 0x0000000100000000)
  region size 1024K, 8 young (8192K), 6 survivors (6144K)
 Metaspace       used 115012K, committed 117760K, reserved 552960K
  class space    used 15627K, committed 16960K, reserved 421888K
GC Heap History (20 events):
Event: 455.894 GC heap before
{Heap before GC invocations=71 (full 0):
 garbage-first heap   total 396288K, used 332118K [0x0000000080000000, 0x0000000100000000)
  region size 1024K, 48 young (49152K), 7 survivors (7168K)
 Metaspace       used 109657K, committed 112448K, reserved 552960K
  class space    used 15015K, committed 16384K, reserved 421888K
}
Event: 455.906 GC heap after
{Heap after GC invocations=72 (full 0):
 garbage-first heap   total 396288K, used 296144K [0x0000000080000000, 0x0000000100000000)
  region size 1024K, 6 young (6144K), 6 survivors (6144K)
 Metaspace       used 109657K, committed 112448K, reserved 552960K
  class space    used 15015K, committed 16384K, reserved 421888K
}
Event: 461.102 GC heap before
{Heap before GC invocations=73 (full 0):
 garbage-first heap   total 501760K, used 335056K [0x0000000080000000, 0x0000000100000000)
  region size 1024K, 45 young (46080K), 6 survivors (6144K)
 Metaspace       used 109757K, committed 112512K, reserved 552960K
  class space    used 15016K, committed 16384K, reserved 421888K
}
Event: 461.129 GC heap after
{Heap after GC invocations=74 (full 0):
 garbage-first heap   total 501760K, used 307406K [0x0000000080000000, 0x0000000100000000)
  region size 1024K, 6 young (6144K), 6 survivors (6144K)
 Metaspace       used 109757K, committed 112512K, reserved 552960K
  class space    used 15016K, committed 16384K, reserved 421888K
}
Event: 462.159 GC heap before
{Heap before GC invocations=74 (full 0):
 garbage-first heap   total 501760K, used 324814K [0x0000000080000000, 0x0000000100000000)
  region size 1024K, 24 young (24576K), 6 survivors (6144K)
 Metaspace       used 109763K, committed 112512K, reserved 552960K
  class space    used 15016K, committed 16384K, reserved 421888K
}
Event: 462.173 GC heap after
{Heap after GC invocations=75 (full 0):
 garbage-first heap   total 501760K, used 308054K [0x0000000080000000, 0x0000000100000000)
  region size 1024K, 3 young (3072K), 3 survivors (3072K)
 Metaspace       used 109763K, committed 112512K, reserved 552960K
  class space    used 15016K, committed 16384K, reserved 421888K
}
Event: 471.116 GC heap before
{Heap before GC invocations=75 (full 0):
 garbage-first heap   total 501760K, used 397142K [0x0000000080000000, 0x0000000100000000)
  region size 1024K, 91 young (93184K), 3 survivors (3072K)
 Metaspace       used 109959K, committed 112768K, reserved 552960K
  class space    used 15022K, committed 16384K, reserved 421888K
}
Event: 471.138 GC heap after
{Heap after GC invocations=76 (full 0):
 garbage-first heap   total 501760K, used 325363K [0x0000000080000000, 0x0000000100000000)
  region size 1024K, 12 young (12288K), 12 survivors (12288K)
 Metaspace       used 109959K, committed 112768K, reserved 552960K
  class space    used 15022K, committed 16384K, reserved 421888K
}
Event: 477.603 GC heap before
{Heap before GC invocations=76 (full 0):
 garbage-first heap   total 501760K, used 403187K [0x0000000080000000, 0x0000000100000000)
  region size 1024K, 89 young (91136K), 12 survivors (12288K)
 Metaspace       used 110112K, committed 112896K, reserved 552960K
  class space    used 15030K, committed 16384K, reserved 421888K
}
Event: 477.632 GC heap after
{Heap after GC invocations=77 (full 0):
 garbage-first heap   total 501760K, used 338511K [0x0000000080000000, 0x0000000100000000)
  region size 1024K, 12 young (12288K), 12 survivors (12288K)
 Metaspace       used 110112K, committed 112896K, reserved 552960K
  class space    used 15030K, committed 16384K, reserved 421888K
}
Event: 490.957 GC heap before
{Heap before GC invocations=77 (full 0):
 garbage-first heap   total 501760K, used 411215K [0x0000000080000000, 0x0000000100000000)
  region size 1024K, 83 young (84992K), 12 survivors (12288K)
 Metaspace       used 114018K, committed 116800K, reserved 552960K
  class space    used 15565K, committed 16896K, reserved 421888K
}
Event: 490.983 GC heap after
{Heap after GC invocations=78 (full 0):
 garbage-first heap   total 501760K, used 353622K [0x0000000080000000, 0x0000000100000000)
  region size 1024K, 11 young (11264K), 11 survivors (11264K)
 Metaspace       used 114018K, committed 116800K, reserved 552960K
  class space    used 15565K, committed 16896K, reserved 421888K
}
Event: 493.898 GC heap before
{Heap before GC invocations=78 (full 0):
 garbage-first heap   total 501760K, used 415062K [0x0000000080000000, 0x0000000100000000)
  region size 1024K, 71 young (72704K), 11 survivors (11264K)
 Metaspace       used 114590K, committed 117376K, reserved 552960K
  class space    used 15614K, committed 16960K, reserved 421888K
}
Event: 493.920 GC heap after
{Heap after GC invocations=79 (full 0):
 garbage-first heap   total 501760K, used 368470K [0x0000000080000000, 0x0000000100000000)
  region size 1024K, 9 young (9216K), 9 survivors (9216K)
 Metaspace       used 114590K, committed 117376K, reserved 552960K
  class space    used 15614K, committed 16960K, reserved 421888K
}
Event: 495.849 GC heap before
{Heap before GC invocations=79 (full 0):
 garbage-first heap   total 501760K, used 419670K [0x0000000080000000, 0x0000000100000000)
  region size 1024K, 59 young (60416K), 9 survivors (9216K)
 Metaspace       used 114731K, committed 117504K, reserved 552960K
  class space    used 15615K, committed 16960K, reserved 421888K
}
Event: 495.867 GC heap after
{Heap after GC invocations=80 (full 0):
 garbage-first heap   total 501760K, used 380246K [0x0000000080000000, 0x0000000100000000)
  region size 1024K, 8 young (8192K), 8 survivors (8192K)
 Metaspace       used 114731K, committed 117504K, reserved 552960K
  class space    used 15615K, committed 16960K, reserved 421888K
}
Event: 497.063 GC heap before
{Heap before GC invocations=80 (full 0):
 garbage-first heap   total 501760K, used 424278K [0x0000000080000000, 0x0000000100000000)
  region size 1024K, 51 young (52224K), 8 survivors (8192K)
 Metaspace       used 114814K, committed 117568K, reserved 552960K
  class space    used 15617K, committed 16960K, reserved 421888K
}
Event: 497.080 GC heap after
{Heap after GC invocations=81 (full 0):
 garbage-first heap   total 501760K, used 391510K [0x0000000080000000, 0x0000000100000000)
  region size 1024K, 7 young (7168K), 7 survivors (7168K)
 Metaspace       used 114814K, committed 117568K, reserved 552960K
  class space    used 15617K, committed 16960K, reserved 421888K
}
Event: 497.676 GC heap before
{Heap before GC invocations=81 (full 0):
 garbage-first heap   total 501760K, used 428374K [0x0000000080000000, 0x0000000100000000)
  region size 1024K, 43 young (44032K), 7 survivors (7168K)
 Metaspace       used 115009K, committed 117760K, reserved 552960K
  class space    used 15627K, committed 16960K, reserved 421888K
}
Event: 497.695 GC heap after
{Heap after GC invocations=82 (full 0):
 garbage-first heap   total 501760K, used 399190K [0x0000000080000000, 0x0000000100000000)
  region size 1024K, 6 young (6144K), 6 survivors (6144K)
 Metaspace       used 115009K, committed 117760K, reserved 552960K
  class space    used 15627K, committed 16960K, reserved 421888K
}

